11:35:26 **** Incremental Build of configuration Release for project libYCV ****
make all 
make: Nothing to be done for 'all'.
11:35:26 **** Incremental Build of configuration Debug for project libYCV ****
make all 
make: Nothing to be done for 'all'.
11:36:51 **** Incremental Build of configuration Release for project libYCV ****
make all 
make: Nothing to be done for 'all'.
11:36:51 **** Incremental Build of configuration Debug for project libYCV ****
make all 
make: Nothing to be done for 'all'.
11:36:51 **** Incremental Build of configuration Debug for project Example-BackgroundDifferenceWithHogFeature ****
make all 
Building file: ../BackgroundGenerator.cpp
Invoking: NVCC Compiler
/usr/local/cuda-8.0/bin/nvcc -I"/home/yildbs/Workspace/Personal/Nsight-Workspace/libYCV" -G -g -O0 -Xcompiler -fPIC -std=c++11 -gencode arch=compute_60,code=sm_60  -odir "." -M -o "BackgroundGenerator.d" "../BackgroundGenerator.cpp"
/usr/local/cuda-8.0/bin/nvcc -I"/home/yildbs/Workspace/Personal/Nsight-Workspace/libYCV" -G -g -O0 -Xcompiler -fPIC -std=c++11 --compile  -x c++ -o  "BackgroundGenerator.o" "../BackgroundGenerator.cpp"
nvcc warning : The 'compute_20', 'sm_20', and 'sm_21' architectures are deprecated, and may be removed in a future release (Use -Wno-deprecated-gpu-targets to suppress warning).
Finished building: ../BackgroundGenerator.cpp
 
Building target: Example-BackgroundDifferenceWithHogFeature
Invoking: NVCC Linker
/usr/local/cuda-8.0/bin/nvcc --cudart static -L"/home/yildbs/Workspace/Personal/Nsight-Workspace/libYCV/Debug" -L/usr/local/lib -L/home/yildbs/Workspace/Personal/Nsight-Workspace/libYCV/Debug --relocatable-device-code=false -gencode arch=compute_60,code=compute_60 -gencode arch=compute_60,code=sm_60 -link -o  "Example-BackgroundDifferenceWithHogFeature"  ./BackgroundGenerator.o ./FrameSubstractor.o ./ObjectFinder.o ./ObjectTracker.o ./main.o   -lYCV -lopencv_core -lopencv_imgproc -lopencv_imgcodecs -lopencv_highgui -lopencv_video -lopencv_videoio
Finished building target: Example-BackgroundDifferenceWithHogFeature
 
11:43:25 **** Incremental Build of configuration Release for project libYCV ****
make all 
make: Nothing to be done for 'all'.
11:43:25 **** Incremental Build of configuration Debug for project libYCV ****
make all 
make: Nothing to be done for 'all'.
11:43:25 **** Incremental Build of configuration Debug for project Example-BackgroundDifferenceWithHogFeature ****
make all 
Building file: ../BackgroundGenerator.cpp
Invoking: NVCC Compiler
/usr/local/cuda-8.0/bin/nvcc -I"/home/yildbs/Workspace/Personal/Nsight-Workspace/libYCV" -G -g -O0 -Xcompiler -fPIC -std=c++11 -gencode arch=compute_60,code=sm_60  -odir "." -M -o "BackgroundGenerator.d" "../BackgroundGenerator.cpp"
/usr/local/cuda-8.0/bin/nvcc -I"/home/yildbs/Workspace/Personal/Nsight-Workspace/libYCV" -G -g -O0 -Xcompiler -fPIC -std=c++11 --compile  -x c++ -o  "BackgroundGenerator.o" "../BackgroundGenerator.cpp"
nvcc warning : The 'compute_20', 'sm_20', and 'sm_21' architectures are deprecated, and may be removed in a future release (Use -Wno-deprecated-gpu-targets to suppress warning).
Finished building: ../BackgroundGenerator.cpp
 
Building file: ../main.cpp
Invoking: NVCC Compiler
/usr/local/cuda-8.0/bin/nvcc -I"/home/yildbs/Workspace/Personal/Nsight-Workspace/libYCV" -G -g -O0 -Xcompiler -fPIC -std=c++11 -gencode arch=compute_60,code=sm_60  -odir "." -M -o "main.d" "../main.cpp"
/usr/local/cuda-8.0/bin/nvcc -I"/home/yildbs/Workspace/Personal/Nsight-Workspace/libYCV" -G -g -O0 -Xcompiler -fPIC -std=c++11 --compile  -x c++ -o  "main.o" "../main.cpp"
nvcc warning : The 'compute_20', 'sm_20', and 'sm_21' architectures are deprecated, and may be removed in a future release (Use -Wno-deprecated-gpu-targets to suppress warning).
Finished building: ../main.cpp
 
Building target: Example-BackgroundDifferenceWithHogFeature
Invoking: NVCC Linker
/usr/local/cuda-8.0/bin/nvcc --cudart static -L"/home/yildbs/Workspace/Personal/Nsight-Workspace/libYCV/Debug" -L/usr/local/lib -L/home/yildbs/Workspace/Personal/Nsight-Workspace/libYCV/Debug --relocatable-device-code=false -gencode arch=compute_60,code=compute_60 -gencode arch=compute_60,code=sm_60 -link -o  "Example-BackgroundDifferenceWithHogFeature"  ./BackgroundGenerator.o ./FrameSubstractor.o ./ObjectFinder.o ./ObjectTracker.o ./main.o   -lYCV -lopencv_core -lopencv_imgproc -lopencv_imgcodecs -lopencv_highgui -lopencv_video -lopencv_videoio
Finished building target: Example-BackgroundDifferenceWithHogFeature
 
12:05:26 **** Incremental Build of configuration Release for project libYCV ****
make all 
make: Nothing to be done for 'all'.
12:05:26 **** Incremental Build of configuration Debug for project libYCV ****
make all 
make: Nothing to be done for 'all'.
12:05:26 **** Incremental Build of configuration Debug for project Example-BackgroundDifferenceWithHogFeature ****
make all 
Building file: ../main.cpp
Invoking: NVCC Compiler
/usr/local/cuda-8.0/bin/nvcc -I"/home/yildbs/Workspace/Personal/Nsight-Workspace/libYCV" -G -g -O0 -Xcompiler -fPIC -std=c++11 -gencode arch=compute_60,code=sm_60  -odir "." -M -o "main.d" "../main.cpp"
/usr/local/cuda-8.0/bin/nvcc -I"/home/yildbs/Workspace/Personal/Nsight-Workspace/libYCV" -G -g -O0 -Xcompiler -fPIC -std=c++11 --compile  -x c++ -o  "main.o" "../main.cpp"
nvcc warning : The 'compute_20', 'sm_20', and 'sm_21' architectures are deprecated, and may be removed in a future release (Use -Wno-deprecated-gpu-targets to suppress warning).
Finished building: ../main.cpp
 
Building target: Example-BackgroundDifferenceWithHogFeature
Invoking: NVCC Linker
/usr/local/cuda-8.0/bin/nvcc --cudart static -L"/home/yildbs/Workspace/Personal/Nsight-Workspace/libYCV/Debug" -L/usr/local/lib -L/home/yildbs/Workspace/Personal/Nsight-Workspace/libYCV/Debug --relocatable-device-code=false -gencode arch=compute_60,code=compute_60 -gencode arch=compute_60,code=sm_60 -link -o  "Example-BackgroundDifferenceWithHogFeature"  ./BackgroundGenerator.o ./FrameSubstractor.o ./ObjectFinder.o ./ObjectTracker.o ./main.o   -lYCV -lopencv_core -lopencv_imgproc -lopencv_imgcodecs -lopencv_highgui -lopencv_video -lopencv_videoio
Finished building target: Example-BackgroundDifferenceWithHogFeature
 
12:09:17 **** Incremental Build of configuration Release for project libYCV ****
make all 
make: Nothing to be done for 'all'.
12:09:17 **** Incremental Build of configuration Debug for project libYCV ****
make all 
make: Nothing to be done for 'all'.
12:09:17 **** Incremental Build of configuration Debug for project Example-BackgroundDifferenceWithHogFeature ****
make all 
Building file: ../main.cpp
Invoking: NVCC Compiler
/usr/local/cuda-8.0/bin/nvcc -I"/home/yildbs/Workspace/Personal/Nsight-Workspace/libYCV" -G -g -O0 -Xcompiler -fPIC -std=c++11 -gencode arch=compute_60,code=sm_60  -odir "." -M -o "main.d" "../main.cpp"
/usr/local/cuda-8.0/bin/nvcc -I"/home/yildbs/Workspace/Personal/Nsight-Workspace/libYCV" -G -g -O0 -Xcompiler -fPIC -std=c++11 --compile  -x c++ -o  "main.o" "../main.cpp"
nvcc warning : The 'compute_20', 'sm_20', and 'sm_21' architectures are deprecated, and may be removed in a future release (Use -Wno-deprecated-gpu-targets to suppress warning).
Finished building: ../main.cpp
 
Building target: Example-BackgroundDifferenceWithHogFeature
Invoking: NVCC Linker
/usr/local/cuda-8.0/bin/nvcc --cudart static -L"/home/yildbs/Workspace/Personal/Nsight-Workspace/libYCV/Debug" -L/usr/local/lib -L/home/yildbs/Workspace/Personal/Nsight-Workspace/libYCV/Debug --relocatable-device-code=false -gencode arch=compute_60,code=compute_60 -gencode arch=compute_60,code=sm_60 -link -o  "Example-BackgroundDifferenceWithHogFeature"  ./BackgroundGenerator.o ./FrameSubstractor.o ./ObjectFinder.o ./ObjectTracker.o ./main.o   -lYCV -lopencv_core -lopencv_imgproc -lopencv_imgcodecs -lopencv_highgui -lopencv_video -lopencv_videoio
Finished building target: Example-BackgroundDifferenceWithHogFeature
 
12:10:53 **** Incremental Build of configuration Release for project libYCV ****
make all 
make: Nothing to be done for 'all'.
12:10:53 **** Incremental Build of configuration Debug for project libYCV ****
make all 
make: Nothing to be done for 'all'.
12:10:53 **** Incremental Build of configuration Debug for project Example-BackgroundDifferenceWithHogFeature ****
make all 
Building file: ../BackgroundGenerator.cpp
Invoking: NVCC Compiler
/usr/local/cuda-8.0/bin/nvcc -I"/home/yildbs/Workspace/Personal/Nsight-Workspace/libYCV" -G -g -O0 -Xcompiler -fPIC -std=c++11 -gencode arch=compute_60,code=sm_60  -odir "." -M -o "BackgroundGenerator.d" "../BackgroundGenerator.cpp"
/usr/local/cuda-8.0/bin/nvcc -I"/home/yildbs/Workspace/Personal/Nsight-Workspace/libYCV" -G -g -O0 -Xcompiler -fPIC -std=c++11 --compile  -x c++ -o  "BackgroundGenerator.o" "../BackgroundGenerator.cpp"
nvcc warning : The 'compute_20', 'sm_20', and 'sm_21' architectures are deprecated, and may be removed in a future release (Use -Wno-deprecated-gpu-targets to suppress warning).
Finished building: ../BackgroundGenerator.cpp
 
Building target: Example-BackgroundDifferenceWithHogFeature
Invoking: NVCC Linker
/usr/local/cuda-8.0/bin/nvcc --cudart static -L"/home/yildbs/Workspace/Personal/Nsight-Workspace/libYCV/Debug" -L/usr/local/lib -L/home/yildbs/Workspace/Personal/Nsight-Workspace/libYCV/Debug --relocatable-device-code=false -gencode arch=compute_60,code=compute_60 -gencode arch=compute_60,code=sm_60 -link -o  "Example-BackgroundDifferenceWithHogFeature"  ./BackgroundGenerator.o ./FrameSubstractor.o ./ObjectFinder.o ./ObjectTracker.o ./main.o   -lYCV -lopencv_core -lopencv_imgproc -lopencv_imgcodecs -lopencv_highgui -lopencv_video -lopencv_videoio
Finished building target: Example-BackgroundDifferenceWithHogFeature
 
12:11:48 **** Incremental Build of configuration Release for project libYCV ****
make all 
make: Nothing to be done for 'all'.
12:11:48 **** Incremental Build of configuration Debug for project libYCV ****
make all 
make: Nothing to be done for 'all'.
12:11:48 **** Incremental Build of configuration Debug for project Example-BackgroundDifferenceWithHogFeature ****
make all 
Building file: ../main.cpp
Invoking: NVCC Compiler
/usr/local/cuda-8.0/bin/nvcc -I"/home/yildbs/Workspace/Personal/Nsight-Workspace/libYCV" -G -g -O0 -Xcompiler -fPIC -std=c++11 -gencode arch=compute_60,code=sm_60  -odir "." -M -o "main.d" "../main.cpp"
/usr/local/cuda-8.0/bin/nvcc -I"/home/yildbs/Workspace/Personal/Nsight-Workspace/libYCV" -G -g -O0 -Xcompiler -fPIC -std=c++11 --compile  -x c++ -o  "main.o" "../main.cpp"
nvcc warning : The 'compute_20', 'sm_20', and 'sm_21' architectures are deprecated, and may be removed in a future release (Use -Wno-deprecated-gpu-targets to suppress warning).
Finished building: ../main.cpp
 
Building target: Example-BackgroundDifferenceWithHogFeature
Invoking: NVCC Linker
/usr/local/cuda-8.0/bin/nvcc --cudart static -L"/home/yildbs/Workspace/Personal/Nsight-Workspace/libYCV/Debug" -L/usr/local/lib -L/home/yildbs/Workspace/Personal/Nsight-Workspace/libYCV/Debug --relocatable-device-code=false -gencode arch=compute_60,code=compute_60 -gencode arch=compute_60,code=sm_60 -link -o  "Example-BackgroundDifferenceWithHogFeature"  ./BackgroundGenerator.o ./FrameSubstractor.o ./ObjectFinder.o ./ObjectTracker.o ./main.o   -lYCV -lopencv_core -lopencv_imgproc -lopencv_imgcodecs -lopencv_highgui -lopencv_video -lopencv_videoio
Finished building target: Example-BackgroundDifferenceWithHogFeature
 
